<?xml version="1.0" encoding="UTF-8"?>
<testng-results skipped="0" failed="0" total="1" passed="1">
  <reporter-output>
  </reporter-output>
  <suite name="SuiteSeleniumMaven" duration-ms="28" started-at="2017-02-25T13:11:58Z" finished-at="2017-02-25T13:11:58Z">
    <groups>
    </groups>
    <test name="TestSeleniumMaven" duration-ms="28" started-at="2017-02-25T13:11:58Z" finished-at="2017-02-25T13:11:58Z">
      <class name="com.SeleMavenTest">
        <test-method status="PASS" signature="beforeTest()[pri:0, instance:com.SeleMavenTest@7c16905e]" name="beforeTest" is-config="true" duration-ms="8" started-at="2017-02-25T18:41:58Z" finished-at="2017-02-25T18:41:58Z">
          <reporter-output>
          </reporter-output>
        </test-method> <!-- beforeTest -->
        <test-method status="PASS" signature="testLaunchURL()[pri:0, instance:com.SeleMavenTest@7c16905e]" name="testLaunchURL" duration-ms="7" started-at="2017-02-25T18:41:58Z" finished-at="2017-02-25T18:41:58Z">
          <reporter-output>
          </reporter-output>
        </test-method> <!-- testLaunchURL -->
        <test-method status="PASS" signature="afterTest()[pri:0, instance:com.SeleMavenTest@7c16905e]" name="afterTest" is-config="true" duration-ms="0" started-at="2017-02-25T18:41:58Z" finished-at="2017-02-25T18:41:58Z">
          <reporter-output>
          </reporter-output>
        </test-method> <!-- afterTest -->
      </class> <!-- com.SeleMavenTest -->
    </test> <!-- TestSeleniumMaven -->
  </suite> <!-- SuiteSeleniumMaven -->
</testng-results>
